{
  "RSpec": {
    "coverage": {
      "/Users/keithconroy/SimCentered/SC-Rails/spec/helpers/users_helper_spec.rb": [
        1,
        null,
        1,
        1,
        3,
        null,
        null,
        null,
        null,
        1,
        2,
        null,
        null,
        null,
        null,
        null,
        null,
        null,
        1,
        1,
        null,
        null,
        null,
        null,
        null,
        null,
        null,
        1,
        1,
        1,
        null,
        null,
        1,
        1,
        1,
        null,
        1,
        1,
        null,
        null,
        null
      ],
      "/Users/keithconroy/SimCentered/SC-Rails/spec/rails_helper.rb": [
        null,
        1,
        1,
        1,
        1,
        null,
        null,
        null,
        null,
        null,
        null,
        null,
        null,
        null,
        null,
        null,
        null,
        null,
        null,
        null,
        null,
        null,
        null,
        null,
        1,
        null,
        1,
        null,
        1,
        null,
        null,
        null,
        null,
        1,
        null,
        null,
        null,
        null,
        null,
        null,
        null,
        null,
        null,
        null,
        null,
        null,
        null,
        null,
        1,
        null
      ],
      "/Users/keithconroy/SimCentered/SC-Rails/config/environment.rb": [
        null,
        1,
        null,
        null,
        1
      ],
      "/Users/keithconroy/SimCentered/SC-Rails/config/application.rb": [
        1,
        null,
        1,
        null,
        null,
        null,
        1,
        null,
        1,
        1,
        null,
        null,
        null,
        null,
        null,
        null,
        null,
        null,
        null,
        null,
        null,
        null,
        null,
        1,
        null,
        null
      ],
      "/Users/keithconroy/SimCentered/SC-Rails/config/boot.rb": [
        1,
        null,
        1
      ],
      "/Users/keithconroy/SimCentered/SC-Rails/config/environments/test.rb": [
        1,
        null,
        null,
        null,
        null,
        null,
        null,
        1,
        null,
        null,
        null,
        null,
        1,
        null,
        null,
        1,
        1,
        null,
        null,
        1,
        1,
        null,
        null,
        1,
        null,
        null,
        1,
        null,
        null,
        null,
        null,
        1,
        null,
        null,
        1,
        null,
        null,
        1,
        null,
        null,
        null,
        null
      ],
      "/Users/keithconroy/SimCentered/SC-Rails/config/initializers/assets.rb": [
        null,
        null,
        null,
        1,
        null,
        null,
        null,
        null,
        null,
        null,
        null
      ],
      "/Users/keithconroy/SimCentered/SC-Rails/config/initializers/backtrace_silencers.rb": [
        null,
        null,
        null,
        null,
        null,
        null,
        null
      ],
      "/Users/keithconroy/SimCentered/SC-Rails/config/initializers/cookies_serializer.rb": [
        null,
        null,
        1
      ],
      "/Users/keithconroy/SimCentered/SC-Rails/config/initializers/filter_parameter_logging.rb": [
        null,
        null,
        null,
        1
      ],
      "/Users/keithconroy/SimCentered/SC-Rails/config/initializers/inflections.rb": [
        null,
        null,
        null,
        null,
        null,
        null,
        null,
        null,
        null,
        null,
        null,
        null,
        null,
        null,
        null,
        null
      ],
      "/Users/keithconroy/SimCentered/SC-Rails/config/initializers/mime_types.rb": [
        null,
        null,
        null,
        null
      ],
      "/Users/keithconroy/SimCentered/SC-Rails/config/initializers/rails_defaults.rb": [
        1,
        1
      ],
      "/Users/keithconroy/SimCentered/SC-Rails/config/initializers/session_store.rb": [
        null,
        null,
        1
      ],
      "/Users/keithconroy/SimCentered/SC-Rails/config/initializers/wrap_parameters.rb": [
        null,
        null,
        null,
        null,
        null,
        null,
        1,
        1,
        null,
        null,
        null,
        null,
        null,
        null
      ],
      "/Users/keithconroy/SimCentered/SC-Rails/config/routes.rb": [
        1,
        null,
        1,
        null,
        1,
        1,
        1,
        1,
        1,
        1,
        1,
        null,
        1,
        null,
        1,
        1,
        1,
        null,
        null,
        1,
        1,
        null,
        null,
        1,
        1,
        null,
        1,
        1,
        null,
        1,
        1,
        null,
        1,
        null,
        null,
        1,
        1,
        1,
        null,
        null,
        null,
        1,
        1,
        1,
        1,
        null,
        1,
        null,
        null,
        null,
        null,
        null,
        null,
        null,
        null,
        null,
        null,
        null,
        null,
        null,
        null,
        null,
        null,
        null,
        null,
        null,
        null,
        null,
        null,
        null,
        null,
        null,
        null,
        null,
        null,
        null,
        null,
        null,
        null,
        null,
        null,
        null,
        null,
        null,
        null,
        null,
        null,
        null,
        null,
        null,
        null,
        null,
        null,
        null,
        null,
        null,
        null,
        null,
        null,
        null,
        null,
        null,
        null,
        null,
        null
      ],
      "/Users/keithconroy/SimCentered/SC-Rails/app/helpers/application_helper.rb": [
        1,
        null
      ],
      "/Users/keithconroy/SimCentered/SC-Rails/app/helpers/courses_helper.rb": [
        1,
        null
      ],
      "/Users/keithconroy/SimCentered/SC-Rails/app/helpers/events_helper.rb": [
        1,
        null
      ],
      "/Users/keithconroy/SimCentered/SC-Rails/app/helpers/items_helper.rb": [
        1,
        null
      ],
      "/Users/keithconroy/SimCentered/SC-Rails/app/helpers/organizations_helper.rb": [
        1,
        null
      ],
      "/Users/keithconroy/SimCentered/SC-Rails/app/helpers/rooms_helper.rb": [
        1,
        null
      ],
      "/Users/keithconroy/SimCentered/SC-Rails/app/helpers/users_helper.rb": [
        1,
        1,
        1,
        null,
        null,
        1,
        2,
        1,
        null,
        1,
        null,
        null,
        null
      ],
      "/Users/keithconroy/SimCentered/SC-Rails/app/helpers/welcome_helper.rb": [
        1,
        null
      ],
      "/Users/keithconroy/SimCentered/SC-Rails/app/models/user.rb": [
        1,
        null,
        1,
        null,
        1,
        1,
        1,
        null,
        1,
        1,
        null
      ],
      "/Users/keithconroy/SimCentered/SC-Rails/app/models/organization.rb": [
        1,
        null,
        1,
        null,
        1,
        1,
        null,
        null
      ]
    },
    "timestamp": 1442638810
  }
}
